<?xml version="1.0" encoding="UTF-8"?>
<!-- Generated by org.testng.reporters.JUnitReportReporter -->
<testsuite hostname="DESKTOP-HIN4ESK" failures="0" tests="1" name="techlistic_form.techlistic_forrm" time="1.466" errors="0" timestamp="2024-08-10T16:50:42 IST" skipped="0">
  <testcase classname="techlistic_form.techlistic_forrm" name="f" time="1.466"/>
</testsuite> <!-- techlistic_form.techlistic_forrm -->
