<?xml version="1.0" encoding="UTF-8"?>
<!-- Generated by org.testng.reporters.JUnitReportReporter -->
<testsuite hostname="DESKTOP-HIN4ESK" failures="0" tests="1" name="jquery_dropdown.jquery_dropdown" time="3.574" errors="0" timestamp="2024-08-10T16:50:22 IST" skipped="0">
  <testcase classname="jquery_dropdown.jquery_dropdown" name="f" time="3.574"/>
</testsuite> <!-- jquery_dropdown.jquery_dropdown -->
